  [4;36;1mSQL (0.3ms)[0m   [0;1m SELECT name
 FROM sqlite_master
 WHERE type = 'table' AND NOT name = 'sqlite_sequence'
[0m
  [4;35;1mSQL (21.6ms)[0m   [0mselect sqlite_version(*)[0m
  [4;36;1mSQL (144.3ms)[0m   [0;1mCREATE TABLE "schema_migrations" ("version" varchar(255) NOT NULL) [0m
  [4;35;1mSQL (0.1ms)[0m   [0mPRAGMA index_list("schema_migrations")[0m
  [4;36;1mSQL (94.4ms)[0m   [0;1mCREATE UNIQUE INDEX "unique_schema_migrations" ON "schema_migrations" ("version")[0m
  [4;35;1mSQL (0.2ms)[0m   [0m SELECT name
 FROM sqlite_master
 WHERE type = 'table' AND NOT name = 'sqlite_sequence'
[0m
  [4;36;1mSQL (0.1ms)[0m   [0;1mSELECT version FROM schema_migrations[0m
Migrating to CreateCardPunches (20120508182550)
  [4;35;1mSQL (0.7ms)[0m   [0mCREATE TABLE "card_punches" ("id" INTEGER PRIMARY KEY AUTOINCREMENT NOT NULL, "punch_date" date, "start_hour" integer, "start_minute" integer, "end_hour" integer, "end_minute" integer, "comment" varchar(255), "created_at" datetime, "updated_at" datetime) [0m
  [4;36;1mSQL (0.2ms)[0m   [0;1mINSERT INTO schema_migrations (version) VALUES ('20120508182550')[0m
  [4;35;1mSQL (0.3ms)[0m   [0m SELECT name
 FROM sqlite_master
 WHERE type = 'table' AND NOT name = 'sqlite_sequence'
[0m
  [4;36;1mSQL (0.2ms)[0m   [0;1mSELECT version FROM schema_migrations[0m
  [4;35;1mSQL (0.2ms)[0m   [0m SELECT name
 FROM sqlite_master
 WHERE type = 'table' AND NOT name = 'sqlite_sequence'
[0m
  [4;36;1mSQL (0.0ms)[0m   [0;1mPRAGMA index_list("card_punches")[0m


Processing ApplicationController#index (for 127.0.0.1 at 2012-05-08 22:08:39) [GET]

ActionController::RoutingError (No route matches "/welcome" with {:method=>:get}):
  /home/tsirkin/.rvm/rubies/ruby-1.8.7-p352/lib/ruby/1.8/webrick/httpserver.rb:104:in `service'
  /home/tsirkin/.rvm/rubies/ruby-1.8.7-p352/lib/ruby/1.8/webrick/httpserver.rb:65:in `run'
  /home/tsirkin/.rvm/rubies/ruby-1.8.7-p352/lib/ruby/1.8/webrick/server.rb:173:in `start_thread'
  /home/tsirkin/.rvm/rubies/ruby-1.8.7-p352/lib/ruby/1.8/webrick/server.rb:162:in `start'
  /home/tsirkin/.rvm/rubies/ruby-1.8.7-p352/lib/ruby/1.8/webrick/server.rb:162:in `start_thread'
  /home/tsirkin/.rvm/rubies/ruby-1.8.7-p352/lib/ruby/1.8/webrick/server.rb:95:in `start'
  /home/tsirkin/.rvm/rubies/ruby-1.8.7-p352/lib/ruby/1.8/webrick/server.rb:92:in `each'
  /home/tsirkin/.rvm/rubies/ruby-1.8.7-p352/lib/ruby/1.8/webrick/server.rb:92:in `start'
  /home/tsirkin/.rvm/rubies/ruby-1.8.7-p352/lib/ruby/1.8/webrick/server.rb:23:in `start'
  /home/tsirkin/.rvm/rubies/ruby-1.8.7-p352/lib/ruby/1.8/webrick/server.rb:82:in `start'

Rendering rescues/layout (not_found)


Processing CardPunchesController#index (for 127.0.0.1 at 2012-05-08 22:08:49) [GET]
  [4;36;1mCardPunch Load (0.6ms)[0m   [0;1mSELECT * FROM "card_punches" [0m
Rendering template within layouts/card_punches
Rendering card_punches/index
Completed in 88ms (View: 83, DB: 1) | 200 OK [http://0.0.0.0/card_punches]


Processing CardPunchesController#new (for 127.0.0.1 at 2012-05-08 22:08:54) [GET]
Rendering template within layouts/card_punches
Rendering card_punches/new
Completed in 14ms (View: 10, DB: 0) | 200 OK [http://0.0.0.0/card_punches/new]


Processing CardPunchesController#index (for 127.0.0.1 at 2012-05-08 22:08:57) [GET]
  [4;35;1mCardPunch Load (0.3ms)[0m   [0mSELECT * FROM "card_punches" [0m
Rendering template within layouts/card_punches
Rendering card_punches/index
Completed in 5ms (View: 1, DB: 0) | 200 OK [http://0.0.0.0/card_punches]


Processing CardPunchesController#new (for 127.0.0.1 at 2012-05-08 22:08:58) [GET]
Rendering template within layouts/card_punches
Rendering card_punches/new
Completed in 7ms (View: 3, DB: 0) | 200 OK [http://0.0.0.0/card_punches/new]


Processing CardPunchesController#create (for 127.0.0.1 at 2012-05-08 22:08:59) [POST]
  Parameters: {"commit"=>"Create", "authenticity_token"=>"Mhpk490ykafLbJO8h/Yo7HKZLuf2FblAdgb0KAKhft0="}
  [4;36;1mCardPunch Create (0.3ms)[0m   [0;1mINSERT INTO "card_punches" ("punch_date", "comment", "created_at", "updated_at", "end_minute", "start_hour", "start_minute", "end_hour") VALUES(NULL, NULL, '2012-05-08 19:08:59', '2012-05-08 19:08:59', NULL, NULL, NULL, NULL)[0m
Redirected to http://0.0.0.0:3000/card_punches/1
Completed in 151ms (DB: 0) | 302 Found [http://0.0.0.0/card_punches]


Processing CardPunchesController#show (for 127.0.0.1 at 2012-05-08 22:08:59) [GET]
  Parameters: {"id"=>"1"}
  [4;35;1mCardPunch Load (0.2ms)[0m   [0mSELECT * FROM "card_punches" WHERE ("card_punches"."id" = 1) [0m
Rendering template within layouts/card_punches
Rendering card_punches/show
Completed in 10ms (View: 5, DB: 0) | 200 OK [http://0.0.0.0/card_punches/1]


Processing CardPunchesController#edit (for 127.0.0.1 at 2012-05-08 22:09:01) [GET]
  Parameters: {"id"=>"1"}
  [4;36;1mCardPunch Load (0.1ms)[0m   [0;1mSELECT * FROM "card_punches" WHERE ("card_punches"."id" = 1) [0m
Rendering template within layouts/card_punches
Rendering card_punches/edit
Completed in 11ms (View: 7, DB: 0) | 200 OK [http://0.0.0.0/card_punches/1/edit]


Processing CardPunchesController#index (for 127.0.0.1 at 2012-05-08 22:09:04) [GET]
  [4;35;1mCardPunch Load (0.4ms)[0m   [0mSELECT * FROM "card_punches" [0m
Rendering template within layouts/card_punches
Rendering card_punches/index
Completed in 11ms (View: 6, DB: 0) | 200 OK [http://0.0.0.0/card_punches]


Processing CardPunchesController#destroy (for 127.0.0.1 at 2012-05-08 22:09:07) [DELETE]
  Parameters: {"authenticity_token"=>"Mhpk490ykafLbJO8h/Yo7HKZLuf2FblAdgb0KAKhft0=", "id"=>"1"}
  [4;36;1mCardPunch Load (0.2ms)[0m   [0;1mSELECT * FROM "card_punches" WHERE ("card_punches"."id" = 1) [0m
  [4;35;1mCardPunch Destroy (0.2ms)[0m   [0mDELETE FROM "card_punches" WHERE "id" = 1[0m
Redirected to http://0.0.0.0:3000/card_punches
Completed in 108ms (DB: 0) | 302 Found [http://0.0.0.0/card_punches/1]


Processing CardPunchesController#index (for 127.0.0.1 at 2012-05-08 22:09:07) [GET]
  [4;36;1mCardPunch Load (0.3ms)[0m   [0;1mSELECT * FROM "card_punches" [0m
Rendering template within layouts/card_punches
Rendering card_punches/index
Completed in 5ms (View: 1, DB: 0) | 200 OK [http://0.0.0.0/card_punches]


Processing CardPunchesController#index (for 127.0.0.1 at 2012-05-18 07:34:16) [GET]
  [4;36;1mCardPunch Load (0.4ms)[0m   [0;1mSELECT * FROM "card_punches" [0m
Rendering template within layouts/card_punches
Rendering card_punches/index
Completed in 118ms (View: 114, DB: 0) | 200 OK [http://localhost/card_punches]


Processing CardPunchesController#index to xml (for 127.0.0.1 at 2012-05-18 07:35:13) [GET]
  [4;35;1mCardPunch Load (0.3ms)[0m   [0mSELECT * FROM "card_punches" [0m
Completed in 5ms (View: 1, DB: 0) | 200 OK [http://localhost/card_punches.xml]


Processing CardPunchesController#index (for 127.0.0.1 at 2012-05-18 07:35:18) [GET]
  [4;36;1mCardPunch Load (0.3ms)[0m   [0;1mSELECT * FROM "card_punches" [0m
Rendering template within layouts/card_punches
Rendering card_punches/index
Completed in 5ms (View: 1, DB: 0) | 200 OK [http://localhost/card_punches]


Processing CardPunchesController#index (for 127.0.0.1 at 2012-05-18 07:41:14) [GET]
  [4;35;1mCardPunch Load (0.3ms)[0m   [0mSELECT * FROM "card_punches" [0m
Rendering template within layouts/card_punches
Rendering card_punches/index
Completed in 4ms (View: 1, DB: 0) | 200 OK [http://localhost/card_punches]


Processing CardPunchesController#index (for 127.0.0.1 at 2012-05-18 07:41:15) [GET]
  [4;36;1mCardPunch Load (0.4ms)[0m   [0;1mSELECT * FROM "card_punches" [0m
Rendering template within layouts/card_punches
Rendering card_punches/index
Completed in 5ms (View: 1, DB: 0) | 200 OK [http://localhost/card_punches]


Processing CardPunchesController#new (for 127.0.0.1 at 2012-05-18 07:41:15) [GET]
Rendering template within layouts/card_punches
Rendering card_punches/new
Completed in 51ms (View: 48, DB: 0) | 200 OK [http://localhost/card_punches/new]


Processing CardPunchesController#new (for 127.0.0.1 at 2012-05-18 07:41:18) [GET]
Rendering template within layouts/card_punches
Rendering card_punches/new
Completed in 8ms (View: 3, DB: 0) | 200 OK [http://localhost/card_punches/new]


Processing CardPunchesController#new (for 127.0.0.1 at 2012-05-18 07:41:18) [GET]
Rendering template within layouts/card_punches
Rendering card_punches/new
Completed in 7ms (View: 3, DB: 0) | 200 OK [http://localhost/card_punches/new]


Processing CardPunchesController#new (for 127.0.0.1 at 2012-05-18 07:41:18) [GET]
Rendering template within layouts/card_punches
Rendering card_punches/new
Completed in 57ms (View: 3, DB: 0) | 200 OK [http://localhost/card_punches/new]


Processing CardPunchesController#new (for 127.0.0.1 at 2012-05-18 07:41:18) [GET]
Rendering template within layouts/card_punches
Rendering card_punches/new
Completed in 7ms (View: 3, DB: 0) | 200 OK [http://localhost/card_punches/new]


Processing CardPunchesController#new (for 127.0.0.1 at 2012-05-18 07:41:49) [GET]
Rendering template within layouts/card_punches
Rendering card_punches/new

ActionView::TemplateError (wrong number of arguments (0 for 1)) on line #5 of app/views/card_punches/new.html.erb:
2: 
3: <% form_for(@card_punch) do |f| %>
4:   <%= f.error_messages %>
5:   <%= select_month %>
6:   <p>
7:     <%= f.submit 'Create' %>
8:   </p>

    app/views/card_punches/new.html.erb:5:in `select_month'
    app/views/card_punches/new.html.erb:5
    app/views/card_punches/new.html.erb:3
    app/controllers/card_punches_controller.rb:29:in `new'
    /home/tsirkin/.rvm/rubies/ruby-1.8.7-p352/lib/ruby/1.8/webrick/httpserver.rb:104:in `service'
    /home/tsirkin/.rvm/rubies/ruby-1.8.7-p352/lib/ruby/1.8/webrick/httpserver.rb:65:in `run'
    /home/tsirkin/.rvm/rubies/ruby-1.8.7-p352/lib/ruby/1.8/webrick/server.rb:173:in `start_thread'
    /home/tsirkin/.rvm/rubies/ruby-1.8.7-p352/lib/ruby/1.8/webrick/server.rb:162:in `start'
    /home/tsirkin/.rvm/rubies/ruby-1.8.7-p352/lib/ruby/1.8/webrick/server.rb:162:in `start_thread'
    /home/tsirkin/.rvm/rubies/ruby-1.8.7-p352/lib/ruby/1.8/webrick/server.rb:95:in `start'
    /home/tsirkin/.rvm/rubies/ruby-1.8.7-p352/lib/ruby/1.8/webrick/server.rb:92:in `each'
    /home/tsirkin/.rvm/rubies/ruby-1.8.7-p352/lib/ruby/1.8/webrick/server.rb:92:in `start'
    /home/tsirkin/.rvm/rubies/ruby-1.8.7-p352/lib/ruby/1.8/webrick/server.rb:23:in `start'
    /home/tsirkin/.rvm/rubies/ruby-1.8.7-p352/lib/ruby/1.8/webrick/server.rb:82:in `start'

Rendered rescues/_trace (46.6ms)
Rendered rescues/_request_and_response (1.1ms)
Rendering rescues/layout (internal_server_error)


Processing CardPunchesController#new (for 127.0.0.1 at 2012-05-18 07:42:01) [GET]
Rendering template within layouts/card_punches
Rendering card_punches/new

ActionView::TemplateError (undefined method `month' for Date:Class) on line #5 of app/views/card_punches/new.html.erb:
2: 
3: <% form_for(@card_punch) do |f| %>
4:   <%= f.error_messages %>
5:   <%= select_month Date.month%>
6:   <p>
7:     <%= f.submit 'Create' %>
8:   </p>

    app/views/card_punches/new.html.erb:5
    app/views/card_punches/new.html.erb:3
    app/controllers/card_punches_controller.rb:29:in `new'
    /home/tsirkin/.rvm/rubies/ruby-1.8.7-p352/lib/ruby/1.8/webrick/httpserver.rb:104:in `service'
    /home/tsirkin/.rvm/rubies/ruby-1.8.7-p352/lib/ruby/1.8/webrick/httpserver.rb:65:in `run'
    /home/tsirkin/.rvm/rubies/ruby-1.8.7-p352/lib/ruby/1.8/webrick/server.rb:173:in `start_thread'
    /home/tsirkin/.rvm/rubies/ruby-1.8.7-p352/lib/ruby/1.8/webrick/server.rb:162:in `start'
    /home/tsirkin/.rvm/rubies/ruby-1.8.7-p352/lib/ruby/1.8/webrick/server.rb:162:in `start_thread'
    /home/tsirkin/.rvm/rubies/ruby-1.8.7-p352/lib/ruby/1.8/webrick/server.rb:95:in `start'
    /home/tsirkin/.rvm/rubies/ruby-1.8.7-p352/lib/ruby/1.8/webrick/server.rb:92:in `each'
    /home/tsirkin/.rvm/rubies/ruby-1.8.7-p352/lib/ruby/1.8/webrick/server.rb:92:in `start'
    /home/tsirkin/.rvm/rubies/ruby-1.8.7-p352/lib/ruby/1.8/webrick/server.rb:23:in `start'
    /home/tsirkin/.rvm/rubies/ruby-1.8.7-p352/lib/ruby/1.8/webrick/server.rb:82:in `start'

Rendered rescues/_trace (47.2ms)
Rendered rescues/_request_and_response (0.2ms)
Rendering rescues/layout (internal_server_error)


Processing CardPunchesController#new (for 127.0.0.1 at 2012-05-18 07:42:16) [GET]
Rendering template within layouts/card_punches
Rendering card_punches/new
Completed in 12ms (View: 8, DB: 0) | 200 OK [http://localhost/card_punches/new]


Processing CardPunchesController#new (for 127.0.0.1 at 2012-05-18 07:42:35) [GET]
Rendering template within layouts/card_punches
Rendering card_punches/new
Completed in 11ms (View: 7, DB: 0) | 200 OK [http://localhost/card_punches/new]


Processing CardPunchesController#new (for 127.0.0.1 at 2012-05-18 07:55:03) [GET]
Rendering template within layouts/card_punches
Rendering card_punches/new

ActionView::TemplateError (undefined method `select_month' for #<ActionView::Helpers::FormBuilder:0xb6d927e8>) on line #5 of app/views/card_punches/new.html.erb:
2: 
3: <% form_for(@card_punch) do |f| %>
4:   <%= f.error_messages %>
5:   <%= f.select_month Date.today ,:use_month_numbers => true %>
6:   <p>
7:     <%= f.submit 'Create' %>
8:   </p>

    app/views/card_punches/new.html.erb:5
    app/views/card_punches/new.html.erb:3
    app/controllers/card_punches_controller.rb:29:in `new'
    /home/tsirkin/.rvm/rubies/ruby-1.8.7-p352/lib/ruby/1.8/webrick/httpserver.rb:104:in `service'
    /home/tsirkin/.rvm/rubies/ruby-1.8.7-p352/lib/ruby/1.8/webrick/httpserver.rb:65:in `run'
    /home/tsirkin/.rvm/rubies/ruby-1.8.7-p352/lib/ruby/1.8/webrick/server.rb:173:in `start_thread'
    /home/tsirkin/.rvm/rubies/ruby-1.8.7-p352/lib/ruby/1.8/webrick/server.rb:162:in `start'
    /home/tsirkin/.rvm/rubies/ruby-1.8.7-p352/lib/ruby/1.8/webrick/server.rb:162:in `start_thread'
    /home/tsirkin/.rvm/rubies/ruby-1.8.7-p352/lib/ruby/1.8/webrick/server.rb:95:in `start'
    /home/tsirkin/.rvm/rubies/ruby-1.8.7-p352/lib/ruby/1.8/webrick/server.rb:92:in `each'
    /home/tsirkin/.rvm/rubies/ruby-1.8.7-p352/lib/ruby/1.8/webrick/server.rb:92:in `start'
    /home/tsirkin/.rvm/rubies/ruby-1.8.7-p352/lib/ruby/1.8/webrick/server.rb:23:in `start'
    /home/tsirkin/.rvm/rubies/ruby-1.8.7-p352/lib/ruby/1.8/webrick/server.rb:82:in `start'

Rendered rescues/_trace (46.7ms)
Rendered rescues/_request_and_response (0.3ms)
Rendering rescues/layout (internal_server_error)


Processing CardPunchesController#new (for 127.0.0.1 at 2012-05-18 07:55:31) [GET]
Rendering template within layouts/card_punches
Rendering card_punches/new
Completed in 11ms (View: 7, DB: 0) | 200 OK [http://localhost/card_punches/new]


Processing CardPunchesController#new (for 127.0.0.1 at 2012-05-18 07:56:13) [GET]
Rendering template within layouts/card_punches
Rendering card_punches/new

ActionView::TemplateError (undefined method `[]' for Fri, 18 May 2012:Date) on line #5 of app/views/card_punches/new.html.erb:
2: 
3: <% form_for(@card_punch) do |f| %>
4:   <%= f.error_messages %>
5:   <%= select_month :card_punch,Date.today ,:use_month_numbers => true %>
6:   <p>
7:     <%= f.submit 'Create' %>
8:   </p>

    app/views/card_punches/new.html.erb:5
    app/views/card_punches/new.html.erb:3
    app/controllers/card_punches_controller.rb:29:in `new'
    /home/tsirkin/.rvm/rubies/ruby-1.8.7-p352/lib/ruby/1.8/webrick/httpserver.rb:104:in `service'
    /home/tsirkin/.rvm/rubies/ruby-1.8.7-p352/lib/ruby/1.8/webrick/httpserver.rb:65:in `run'
    /home/tsirkin/.rvm/rubies/ruby-1.8.7-p352/lib/ruby/1.8/webrick/server.rb:173:in `start_thread'
    /home/tsirkin/.rvm/rubies/ruby-1.8.7-p352/lib/ruby/1.8/webrick/server.rb:162:in `start'
    /home/tsirkin/.rvm/rubies/ruby-1.8.7-p352/lib/ruby/1.8/webrick/server.rb:162:in `start_thread'
    /home/tsirkin/.rvm/rubies/ruby-1.8.7-p352/lib/ruby/1.8/webrick/server.rb:95:in `start'
    /home/tsirkin/.rvm/rubies/ruby-1.8.7-p352/lib/ruby/1.8/webrick/server.rb:92:in `each'
    /home/tsirkin/.rvm/rubies/ruby-1.8.7-p352/lib/ruby/1.8/webrick/server.rb:92:in `start'
    /home/tsirkin/.rvm/rubies/ruby-1.8.7-p352/lib/ruby/1.8/webrick/server.rb:23:in `start'
    /home/tsirkin/.rvm/rubies/ruby-1.8.7-p352/lib/ruby/1.8/webrick/server.rb:82:in `start'

Rendered rescues/_trace (106.8ms)
Rendered rescues/_request_and_response (0.2ms)
Rendering rescues/layout (internal_server_error)


Processing CardPunchesController#new (for 127.0.0.1 at 2012-05-18 08:17:42) [GET]
Rendering template within layouts/card_punches
Rendering card_punches/new

ActionView::TemplateError (undefined method `month_select' for #<ActionView::Helpers::FormBuilder:0xb6e94b78>) on line #5 of app/views/card_punches/new.html.erb:
2: 
3: <% form_for(@card_punch) do |f| %>
4:   <%= f.error_messages %>
5:   <%= f.month_select :use_month_numbers => true %>
6:   <p>
7:     <%= f.submit 'Create' %>
8:   </p>

    app/views/card_punches/new.html.erb:5
    app/views/card_punches/new.html.erb:3
    app/controllers/card_punches_controller.rb:29:in `new'
    /home/tsirkin/.rvm/rubies/ruby-1.8.7-p352/lib/ruby/1.8/webrick/httpserver.rb:104:in `service'
    /home/tsirkin/.rvm/rubies/ruby-1.8.7-p352/lib/ruby/1.8/webrick/httpserver.rb:65:in `run'
    /home/tsirkin/.rvm/rubies/ruby-1.8.7-p352/lib/ruby/1.8/webrick/server.rb:173:in `start_thread'
    /home/tsirkin/.rvm/rubies/ruby-1.8.7-p352/lib/ruby/1.8/webrick/server.rb:162:in `start'
    /home/tsirkin/.rvm/rubies/ruby-1.8.7-p352/lib/ruby/1.8/webrick/server.rb:162:in `start_thread'
    /home/tsirkin/.rvm/rubies/ruby-1.8.7-p352/lib/ruby/1.8/webrick/server.rb:95:in `start'
    /home/tsirkin/.rvm/rubies/ruby-1.8.7-p352/lib/ruby/1.8/webrick/server.rb:92:in `each'
    /home/tsirkin/.rvm/rubies/ruby-1.8.7-p352/lib/ruby/1.8/webrick/server.rb:92:in `start'
    /home/tsirkin/.rvm/rubies/ruby-1.8.7-p352/lib/ruby/1.8/webrick/server.rb:23:in `start'
    /home/tsirkin/.rvm/rubies/ruby-1.8.7-p352/lib/ruby/1.8/webrick/server.rb:82:in `start'

Rendered rescues/_trace (101.9ms)
Rendered rescues/_request_and_response (0.2ms)
Rendering rescues/layout (internal_server_error)


Processing CardPunchesController#new (for 127.0.0.1 at 2012-05-18 08:17:43) [GET]
Rendering template within layouts/card_punches
Rendering card_punches/new

ActionView::TemplateError (undefined method `month_select' for #<ActionView::Helpers::FormBuilder:0xb6f2fa74>) on line #5 of app/views/card_punches/new.html.erb:
2: 
3: <% form_for(@card_punch) do |f| %>
4:   <%= f.error_messages %>
5:   <%= f.month_select :use_month_numbers => true %>
6:   <p>
7:     <%= f.submit 'Create' %>
8:   </p>

    app/views/card_punches/new.html.erb:5
    app/views/card_punches/new.html.erb:3
    app/controllers/card_punches_controller.rb:29:in `new'
    /home/tsirkin/.rvm/rubies/ruby-1.8.7-p352/lib/ruby/1.8/webrick/httpserver.rb:104:in `service'
    /home/tsirkin/.rvm/rubies/ruby-1.8.7-p352/lib/ruby/1.8/webrick/httpserver.rb:65:in `run'
    /home/tsirkin/.rvm/rubies/ruby-1.8.7-p352/lib/ruby/1.8/webrick/server.rb:173:in `start_thread'
    /home/tsirkin/.rvm/rubies/ruby-1.8.7-p352/lib/ruby/1.8/webrick/server.rb:162:in `start'
    /home/tsirkin/.rvm/rubies/ruby-1.8.7-p352/lib/ruby/1.8/webrick/server.rb:162:in `start_thread'
    /home/tsirkin/.rvm/rubies/ruby-1.8.7-p352/lib/ruby/1.8/webrick/server.rb:95:in `start'
    /home/tsirkin/.rvm/rubies/ruby-1.8.7-p352/lib/ruby/1.8/webrick/server.rb:92:in `each'
    /home/tsirkin/.rvm/rubies/ruby-1.8.7-p352/lib/ruby/1.8/webrick/server.rb:92:in `start'
    /home/tsirkin/.rvm/rubies/ruby-1.8.7-p352/lib/ruby/1.8/webrick/server.rb:23:in `start'
    /home/tsirkin/.rvm/rubies/ruby-1.8.7-p352/lib/ruby/1.8/webrick/server.rb:82:in `start'

Rendered rescues/_trace (45.3ms)
Rendered rescues/_request_and_response (0.2ms)
Rendering rescues/layout (internal_server_error)


Processing CardPunchesController#new (for 127.0.0.1 at 2012-05-18 08:17:44) [GET]
Rendering template within layouts/card_punches
Rendering card_punches/new

ActionView::TemplateError (undefined method `month_select' for #<ActionView::Helpers::FormBuilder:0xb6d82cbc>) on line #5 of app/views/card_punches/new.html.erb:
2: 
3: <% form_for(@card_punch) do |f| %>
4:   <%= f.error_messages %>
5:   <%= f.month_select :use_month_numbers => true %>
6:   <p>
7:     <%= f.submit 'Create' %>
8:   </p>

    app/views/card_punches/new.html.erb:5
    app/views/card_punches/new.html.erb:3
    app/controllers/card_punches_controller.rb:29:in `new'
    /home/tsirkin/.rvm/rubies/ruby-1.8.7-p352/lib/ruby/1.8/webrick/httpserver.rb:104:in `service'
    /home/tsirkin/.rvm/rubies/ruby-1.8.7-p352/lib/ruby/1.8/webrick/httpserver.rb:65:in `run'
    /home/tsirkin/.rvm/rubies/ruby-1.8.7-p352/lib/ruby/1.8/webrick/server.rb:173:in `start_thread'
    /home/tsirkin/.rvm/rubies/ruby-1.8.7-p352/lib/ruby/1.8/webrick/server.rb:162:in `start'
    /home/tsirkin/.rvm/rubies/ruby-1.8.7-p352/lib/ruby/1.8/webrick/server.rb:162:in `start_thread'
    /home/tsirkin/.rvm/rubies/ruby-1.8.7-p352/lib/ruby/1.8/webrick/server.rb:95:in `start'
    /home/tsirkin/.rvm/rubies/ruby-1.8.7-p352/lib/ruby/1.8/webrick/server.rb:92:in `each'
    /home/tsirkin/.rvm/rubies/ruby-1.8.7-p352/lib/ruby/1.8/webrick/server.rb:92:in `start'
    /home/tsirkin/.rvm/rubies/ruby-1.8.7-p352/lib/ruby/1.8/webrick/server.rb:23:in `start'
    /home/tsirkin/.rvm/rubies/ruby-1.8.7-p352/lib/ruby/1.8/webrick/server.rb:82:in `start'

Rendered rescues/_trace (46.5ms)
Rendered rescues/_request_and_response (0.2ms)
Rendering rescues/layout (internal_server_error)


Processing CardPunchesController#new (for 127.0.0.1 at 2012-05-18 08:19:48) [GET]
Rendering template within layouts/card_punches
Rendering card_punches/new

ActionView::TemplateError (undefined local variable or method `discard_day' for #<ActionView::Base:0xb6e1c5c4>) on line #5 of app/views/card_punches/new.html.erb:
2: 
3: <% form_for(@card_punch) do |f| %>
4:   <%= f.error_messages %>
5:   <%= f.date_select :use_month_numbers => true,discard_day => true %>
6:   <p>
7:     <%= f.submit 'Create' %>
8:   </p>

    app/views/card_punches/new.html.erb:5
    app/views/card_punches/new.html.erb:3
    app/controllers/card_punches_controller.rb:29:in `new'
    /home/tsirkin/.rvm/rubies/ruby-1.8.7-p352/lib/ruby/1.8/webrick/httpserver.rb:104:in `service'
    /home/tsirkin/.rvm/rubies/ruby-1.8.7-p352/lib/ruby/1.8/webrick/httpserver.rb:65:in `run'
    /home/tsirkin/.rvm/rubies/ruby-1.8.7-p352/lib/ruby/1.8/webrick/server.rb:173:in `start_thread'
    /home/tsirkin/.rvm/rubies/ruby-1.8.7-p352/lib/ruby/1.8/webrick/server.rb:162:in `start'
    /home/tsirkin/.rvm/rubies/ruby-1.8.7-p352/lib/ruby/1.8/webrick/server.rb:162:in `start_thread'
    /home/tsirkin/.rvm/rubies/ruby-1.8.7-p352/lib/ruby/1.8/webrick/server.rb:95:in `start'
    /home/tsirkin/.rvm/rubies/ruby-1.8.7-p352/lib/ruby/1.8/webrick/server.rb:92:in `each'
    /home/tsirkin/.rvm/rubies/ruby-1.8.7-p352/lib/ruby/1.8/webrick/server.rb:92:in `start'
    /home/tsirkin/.rvm/rubies/ruby-1.8.7-p352/lib/ruby/1.8/webrick/server.rb:23:in `start'
    /home/tsirkin/.rvm/rubies/ruby-1.8.7-p352/lib/ruby/1.8/webrick/server.rb:82:in `start'

Rendered rescues/_trace (101.0ms)
Rendered rescues/_request_and_response (0.2ms)
Rendering rescues/layout (internal_server_error)


Processing CardPunchesController#new (for 127.0.0.1 at 2012-05-18 08:20:02) [GET]
Rendering template within layouts/card_punches
Rendering card_punches/new

ActionView::TemplateError (undefined method `discard_daytrueuse_month_numberstrue' for #<CardPunch:0xb6eb2484>) on line #5 of app/views/card_punches/new.html.erb:
2: 
3: <% form_for(@card_punch) do |f| %>
4:   <%= f.error_messages %>
5:   <%= f.date_select :use_month_numbers => true,:discard_day => true %>
6:   <p>
7:     <%= f.submit 'Create' %>
8:   </p>

    app/views/card_punches/new.html.erb:5
    app/views/card_punches/new.html.erb:3
    app/controllers/card_punches_controller.rb:29:in `new'
    /home/tsirkin/.rvm/rubies/ruby-1.8.7-p352/lib/ruby/1.8/webrick/httpserver.rb:104:in `service'
    /home/tsirkin/.rvm/rubies/ruby-1.8.7-p352/lib/ruby/1.8/webrick/httpserver.rb:65:in `run'
    /home/tsirkin/.rvm/rubies/ruby-1.8.7-p352/lib/ruby/1.8/webrick/server.rb:173:in `start_thread'
    /home/tsirkin/.rvm/rubies/ruby-1.8.7-p352/lib/ruby/1.8/webrick/server.rb:162:in `start'
    /home/tsirkin/.rvm/rubies/ruby-1.8.7-p352/lib/ruby/1.8/webrick/server.rb:162:in `start_thread'
    /home/tsirkin/.rvm/rubies/ruby-1.8.7-p352/lib/ruby/1.8/webrick/server.rb:95:in `start'
    /home/tsirkin/.rvm/rubies/ruby-1.8.7-p352/lib/ruby/1.8/webrick/server.rb:92:in `each'
    /home/tsirkin/.rvm/rubies/ruby-1.8.7-p352/lib/ruby/1.8/webrick/server.rb:92:in `start'
    /home/tsirkin/.rvm/rubies/ruby-1.8.7-p352/lib/ruby/1.8/webrick/server.rb:23:in `start'
    /home/tsirkin/.rvm/rubies/ruby-1.8.7-p352/lib/ruby/1.8/webrick/server.rb:82:in `start'

Rendered rescues/_trace (50.4ms)
Rendered rescues/_request_and_response (0.2ms)
Rendering rescues/layout (internal_server_error)


Processing CardPunchesController#new (for 127.0.0.1 at 2012-05-18 08:22:12) [GET]
Rendering template within layouts/card_punches
Rendering card_punches/new

ActionView::TemplateError (undefined method `card_punch' for #<CardPunch:0xb6f679b0>) on line #5 of app/views/card_punches/new.html.erb:
2: 
3: <% form_for(@card_punch) do |f| %>
4:   <%= f.error_messages %>
5:   <%= f.date_select :card_punch,:use_month_numbers => true,:discard_day => true %>
6:   <p>
7:     <%= f.submit 'Create' %>
8:   </p>

    app/views/card_punches/new.html.erb:5
    app/views/card_punches/new.html.erb:3
    app/controllers/card_punches_controller.rb:29:in `new'
    /home/tsirkin/.rvm/rubies/ruby-1.8.7-p352/lib/ruby/1.8/webrick/httpserver.rb:104:in `service'
    /home/tsirkin/.rvm/rubies/ruby-1.8.7-p352/lib/ruby/1.8/webrick/httpserver.rb:65:in `run'
    /home/tsirkin/.rvm/rubies/ruby-1.8.7-p352/lib/ruby/1.8/webrick/server.rb:173:in `start_thread'
    /home/tsirkin/.rvm/rubies/ruby-1.8.7-p352/lib/ruby/1.8/webrick/server.rb:162:in `start'
    /home/tsirkin/.rvm/rubies/ruby-1.8.7-p352/lib/ruby/1.8/webrick/server.rb:162:in `start_thread'
    /home/tsirkin/.rvm/rubies/ruby-1.8.7-p352/lib/ruby/1.8/webrick/server.rb:95:in `start'
    /home/tsirkin/.rvm/rubies/ruby-1.8.7-p352/lib/ruby/1.8/webrick/server.rb:92:in `each'
    /home/tsirkin/.rvm/rubies/ruby-1.8.7-p352/lib/ruby/1.8/webrick/server.rb:92:in `start'
    /home/tsirkin/.rvm/rubies/ruby-1.8.7-p352/lib/ruby/1.8/webrick/server.rb:23:in `start'
    /home/tsirkin/.rvm/rubies/ruby-1.8.7-p352/lib/ruby/1.8/webrick/server.rb:82:in `start'

Rendered rescues/_trace (50.4ms)
Rendered rescues/_request_and_response (0.2ms)
Rendering rescues/layout (internal_server_error)


Processing CardPunchesController#new (for 127.0.0.1 at 2012-05-18 08:22:13) [GET]
Rendering template within layouts/card_punches
Rendering card_punches/new

ActionView::TemplateError (undefined method `card_punch' for #<CardPunch:0xb6dbaeb4>) on line #5 of app/views/card_punches/new.html.erb:
2: 
3: <% form_for(@card_punch) do |f| %>
4:   <%= f.error_messages %>
5:   <%= f.date_select :card_punch,:use_month_numbers => true,:discard_day => true %>
6:   <p>
7:     <%= f.submit 'Create' %>
8:   </p>

    app/views/card_punches/new.html.erb:5
    app/views/card_punches/new.html.erb:3
    app/controllers/card_punches_controller.rb:29:in `new'
    /home/tsirkin/.rvm/rubies/ruby-1.8.7-p352/lib/ruby/1.8/webrick/httpserver.rb:104:in `service'
    /home/tsirkin/.rvm/rubies/ruby-1.8.7-p352/lib/ruby/1.8/webrick/httpserver.rb:65:in `run'
    /home/tsirkin/.rvm/rubies/ruby-1.8.7-p352/lib/ruby/1.8/webrick/server.rb:173:in `start_thread'
    /home/tsirkin/.rvm/rubies/ruby-1.8.7-p352/lib/ruby/1.8/webrick/server.rb:162:in `start'
    /home/tsirkin/.rvm/rubies/ruby-1.8.7-p352/lib/ruby/1.8/webrick/server.rb:162:in `start_thread'
    /home/tsirkin/.rvm/rubies/ruby-1.8.7-p352/lib/ruby/1.8/webrick/server.rb:95:in `start'
    /home/tsirkin/.rvm/rubies/ruby-1.8.7-p352/lib/ruby/1.8/webrick/server.rb:92:in `each'
    /home/tsirkin/.rvm/rubies/ruby-1.8.7-p352/lib/ruby/1.8/webrick/server.rb:92:in `start'
    /home/tsirkin/.rvm/rubies/ruby-1.8.7-p352/lib/ruby/1.8/webrick/server.rb:23:in `start'
    /home/tsirkin/.rvm/rubies/ruby-1.8.7-p352/lib/ruby/1.8/webrick/server.rb:82:in `start'

Rendered rescues/_trace (113.1ms)
Rendered rescues/_request_and_response (0.2ms)
Rendering rescues/layout (internal_server_error)


Processing CardPunchesController#new (for 127.0.0.1 at 2012-05-18 08:22:32) [GET]
Rendering template within layouts/card_punches
Rendering card_punches/new

ActionView::TemplateError (undefined method `discard_daytrueuse_month_numberstrue' for #<CardPunch:0xb6eaa57c>) on line #5 of app/views/card_punches/new.html.erb:
2: 
3: <% form_for(@card_punch) do |f| %>
4:   <%= f.error_messages %>
5:   <%= date_select :card_punch,:use_month_numbers => true,:discard_day => true %>
6:   <p>
7:     <%= f.submit 'Create' %>
8:   </p>

    app/views/card_punches/new.html.erb:5
    app/views/card_punches/new.html.erb:3
    app/controllers/card_punches_controller.rb:29:in `new'
    /home/tsirkin/.rvm/rubies/ruby-1.8.7-p352/lib/ruby/1.8/webrick/httpserver.rb:104:in `service'
    /home/tsirkin/.rvm/rubies/ruby-1.8.7-p352/lib/ruby/1.8/webrick/httpserver.rb:65:in `run'
    /home/tsirkin/.rvm/rubies/ruby-1.8.7-p352/lib/ruby/1.8/webrick/server.rb:173:in `start_thread'
    /home/tsirkin/.rvm/rubies/ruby-1.8.7-p352/lib/ruby/1.8/webrick/server.rb:162:in `start'
    /home/tsirkin/.rvm/rubies/ruby-1.8.7-p352/lib/ruby/1.8/webrick/server.rb:162:in `start_thread'
    /home/tsirkin/.rvm/rubies/ruby-1.8.7-p352/lib/ruby/1.8/webrick/server.rb:95:in `start'
    /home/tsirkin/.rvm/rubies/ruby-1.8.7-p352/lib/ruby/1.8/webrick/server.rb:92:in `each'
    /home/tsirkin/.rvm/rubies/ruby-1.8.7-p352/lib/ruby/1.8/webrick/server.rb:92:in `start'
    /home/tsirkin/.rvm/rubies/ruby-1.8.7-p352/lib/ruby/1.8/webrick/server.rb:23:in `start'
    /home/tsirkin/.rvm/rubies/ruby-1.8.7-p352/lib/ruby/1.8/webrick/server.rb:82:in `start'

Rendered rescues/_trace (49.9ms)
Rendered rescues/_request_and_response (0.2ms)
Rendering rescues/layout (internal_server_error)


Processing CardPunchesController#new (for 127.0.0.1 at 2012-05-18 08:22:50) [GET]
Rendering template within layouts/card_punches
Rendering card_punches/new

ActionView::TemplateError (undefined method `discard_daytrueuse_month_numberstrue' for #<CardPunch:0xb6f61358>) on line #5 of app/views/card_punches/new.html.erb:
2: 
3: <% form_for(@card_punch) do |f| %>
4:   <%= f.error_messages %>
5:   <%= date_select :card_punch,{:use_month_numbers => true,:discard_day => true} %>
6:   <p>
7:     <%= f.submit 'Create' %>
8:   </p>

    app/views/card_punches/new.html.erb:5
    app/views/card_punches/new.html.erb:3
    app/controllers/card_punches_controller.rb:29:in `new'
    /home/tsirkin/.rvm/rubies/ruby-1.8.7-p352/lib/ruby/1.8/webrick/httpserver.rb:104:in `service'
    /home/tsirkin/.rvm/rubies/ruby-1.8.7-p352/lib/ruby/1.8/webrick/httpserver.rb:65:in `run'
    /home/tsirkin/.rvm/rubies/ruby-1.8.7-p352/lib/ruby/1.8/webrick/server.rb:173:in `start_thread'
    /home/tsirkin/.rvm/rubies/ruby-1.8.7-p352/lib/ruby/1.8/webrick/server.rb:162:in `start'
    /home/tsirkin/.rvm/rubies/ruby-1.8.7-p352/lib/ruby/1.8/webrick/server.rb:162:in `start_thread'
    /home/tsirkin/.rvm/rubies/ruby-1.8.7-p352/lib/ruby/1.8/webrick/server.rb:95:in `start'
    /home/tsirkin/.rvm/rubies/ruby-1.8.7-p352/lib/ruby/1.8/webrick/server.rb:92:in `each'
    /home/tsirkin/.rvm/rubies/ruby-1.8.7-p352/lib/ruby/1.8/webrick/server.rb:92:in `start'
    /home/tsirkin/.rvm/rubies/ruby-1.8.7-p352/lib/ruby/1.8/webrick/server.rb:23:in `start'
    /home/tsirkin/.rvm/rubies/ruby-1.8.7-p352/lib/ruby/1.8/webrick/server.rb:82:in `start'

Rendered rescues/_trace (49.8ms)
Rendered rescues/_request_and_response (0.2ms)
Rendering rescues/layout (internal_server_error)


Processing CardPunchesController#new (for 127.0.0.1 at 2012-05-18 08:24:21) [GET]
Rendering template within layouts/card_punches
Rendering card_punches/new
Completed in 47ms (View: 43, DB: 0) | 200 OK [http://localhost/card_punches/new]


Processing CardPunchesController#new (for 127.0.0.1 at 2012-05-18 09:53:47) [GET]
Rendering template within layouts/card_punches
Rendering card_punches/new
Completed in 93ms (View: 86, DB: 0) | 200 OK [http://localhost/card_punches/new]


Processing CardPunchesController#new (for 127.0.0.1 at 2012-05-18 10:04:31) [GET]
Rendering template within layouts/card_punches
Rendering card_punches/new

ActionView::TemplateError (undefined method `hour' for :start_hour:Symbol) on line #7 of app/views/card_punches/new.html.erb:
4:   <%= f.error_messages %>
5:   <%= f.date_select :punch_date,{:use_month_numbers =>
6:   true,:discard_day => true} %>
7:   <%= select_hour :start_hour%>
8:   <p>
9:     <%= f.submit 'Create' %>
10:   </p>

    app/views/card_punches/new.html.erb:7
    app/views/card_punches/new.html.erb:3
    app/controllers/card_punches_controller.rb:29:in `new'
    /home/tsirkin/.rvm/rubies/ruby-1.8.7-p352/lib/ruby/1.8/webrick/httpserver.rb:104:in `service'
    /home/tsirkin/.rvm/rubies/ruby-1.8.7-p352/lib/ruby/1.8/webrick/httpserver.rb:65:in `run'
    /home/tsirkin/.rvm/rubies/ruby-1.8.7-p352/lib/ruby/1.8/webrick/server.rb:173:in `start_thread'
    /home/tsirkin/.rvm/rubies/ruby-1.8.7-p352/lib/ruby/1.8/webrick/server.rb:162:in `start'
    /home/tsirkin/.rvm/rubies/ruby-1.8.7-p352/lib/ruby/1.8/webrick/server.rb:162:in `start_thread'
    /home/tsirkin/.rvm/rubies/ruby-1.8.7-p352/lib/ruby/1.8/webrick/server.rb:95:in `start'
    /home/tsirkin/.rvm/rubies/ruby-1.8.7-p352/lib/ruby/1.8/webrick/server.rb:92:in `each'
    /home/tsirkin/.rvm/rubies/ruby-1.8.7-p352/lib/ruby/1.8/webrick/server.rb:92:in `start'
    /home/tsirkin/.rvm/rubies/ruby-1.8.7-p352/lib/ruby/1.8/webrick/server.rb:23:in `start'
    /home/tsirkin/.rvm/rubies/ruby-1.8.7-p352/lib/ruby/1.8/webrick/server.rb:82:in `start'

Rendered rescues/_trace (47.6ms)
Rendered rescues/_request_and_response (0.2ms)
Rendering rescues/layout (internal_server_error)


Processing CardPunchesController#new (for 127.0.0.1 at 2012-05-18 10:04:52) [GET]
Rendering template within layouts/card_punches
Rendering card_punches/new
Completed in 15ms (View: 11, DB: 0) | 200 OK [http://localhost/card_punches/new]


Processing CardPunchesController#new (for 127.0.0.1 at 2012-05-18 10:07:53) [GET]
Rendering template within layouts/card_punches
Rendering card_punches/new
Completed in 16ms (View: 12, DB: 0) | 200 OK [http://localhost/card_punches/new]


Processing CardPunchesController#new (for 127.0.0.1 at 2012-05-18 10:08:11) [GET]
Rendering template within layouts/card_punches
Rendering card_punches/new
Completed in 13ms (View: 9, DB: 0) | 200 OK [http://localhost/card_punches/new]


Processing CardPunchesController#index (for 127.0.0.1 at 2012-05-18 12:43:25) [GET]
  [4;35;1mCardPunch Load (0.3ms)[0m   [0mSELECT * FROM "card_punches" [0m
Rendering template within layouts/card_punches
Rendering card_punches/index

ActionView::TemplateError (undefined method `month_days' for Fri May 18 12:43:25 +0300 2012:Time) on line #6 of app/views/card_punches/index.html.erb:
3: <table>
4:   <tr>
5:   </tr>
6: <% [1..Time.now.month_days].each do |nday| %>
7:   <%=nday%>
8: <% end %>
9: <% @card_punches.each do |card_punch| %>

    app/views/card_punches/index.html.erb:6
    app/controllers/card_punches_controller.rb:7:in `index'
    /home/tsirkin/.rvm/rubies/ruby-1.8.7-p352/lib/ruby/1.8/webrick/httpserver.rb:104:in `service'
    /home/tsirkin/.rvm/rubies/ruby-1.8.7-p352/lib/ruby/1.8/webrick/httpserver.rb:65:in `run'
    /home/tsirkin/.rvm/rubies/ruby-1.8.7-p352/lib/ruby/1.8/webrick/server.rb:173:in `start_thread'
    /home/tsirkin/.rvm/rubies/ruby-1.8.7-p352/lib/ruby/1.8/webrick/server.rb:162:in `start'
    /home/tsirkin/.rvm/rubies/ruby-1.8.7-p352/lib/ruby/1.8/webrick/server.rb:162:in `start_thread'
    /home/tsirkin/.rvm/rubies/ruby-1.8.7-p352/lib/ruby/1.8/webrick/server.rb:95:in `start'
    /home/tsirkin/.rvm/rubies/ruby-1.8.7-p352/lib/ruby/1.8/webrick/server.rb:92:in `each'
    /home/tsirkin/.rvm/rubies/ruby-1.8.7-p352/lib/ruby/1.8/webrick/server.rb:92:in `start'
    /home/tsirkin/.rvm/rubies/ruby-1.8.7-p352/lib/ruby/1.8/webrick/server.rb:23:in `start'
    /home/tsirkin/.rvm/rubies/ruby-1.8.7-p352/lib/ruby/1.8/webrick/server.rb:82:in `start'

Rendered rescues/_trace (43.8ms)
Rendered rescues/_request_and_response (0.2ms)
Rendering rescues/layout (internal_server_error)


Processing CardPunchesController#index (for 127.0.0.1 at 2012-05-18 12:44:28) [GET]
  [4;36;1mCardPunch Load (0.3ms)[0m   [0;1mSELECT * FROM "card_punches" [0m
Rendering template within layouts/card_punches
Rendering card_punches/index

ActionView::TemplateError (uninitialized constant ActionView::Base::CompiledTemplates::Tome) on line #6 of app/views/card_punches/index.html.erb:
3: <table>
4:   <tr>
5:   </tr>
6: <% [1..Time.month_days(Tome.now.year,Tome.now.month)].each do |nday| %>
7:   <%=nday%>
8: <% end %>
9: <% @card_punches.each do |card_punch| %>

    app/views/card_punches/index.html.erb:6
    app/controllers/card_punches_controller.rb:7:in `index'
    /home/tsirkin/.rvm/rubies/ruby-1.8.7-p352/lib/ruby/1.8/webrick/httpserver.rb:104:in `service'
    /home/tsirkin/.rvm/rubies/ruby-1.8.7-p352/lib/ruby/1.8/webrick/httpserver.rb:65:in `run'
    /home/tsirkin/.rvm/rubies/ruby-1.8.7-p352/lib/ruby/1.8/webrick/server.rb:173:in `start_thread'
    /home/tsirkin/.rvm/rubies/ruby-1.8.7-p352/lib/ruby/1.8/webrick/server.rb:162:in `start'
    /home/tsirkin/.rvm/rubies/ruby-1.8.7-p352/lib/ruby/1.8/webrick/server.rb:162:in `start_thread'
    /home/tsirkin/.rvm/rubies/ruby-1.8.7-p352/lib/ruby/1.8/webrick/server.rb:95:in `start'
    /home/tsirkin/.rvm/rubies/ruby-1.8.7-p352/lib/ruby/1.8/webrick/server.rb:92:in `each'
    /home/tsirkin/.rvm/rubies/ruby-1.8.7-p352/lib/ruby/1.8/webrick/server.rb:92:in `start'
    /home/tsirkin/.rvm/rubies/ruby-1.8.7-p352/lib/ruby/1.8/webrick/server.rb:23:in `start'
    /home/tsirkin/.rvm/rubies/ruby-1.8.7-p352/lib/ruby/1.8/webrick/server.rb:82:in `start'

Rendered rescues/_trace (104.8ms)
Rendered rescues/_request_and_response (0.2ms)
Rendering rescues/layout (internal_server_error)


Processing CardPunchesController#index (for 127.0.0.1 at 2012-05-18 12:44:41) [GET]
  [4;35;1mCardPunch Load (0.3ms)[0m   [0mSELECT * FROM "card_punches" [0m
Rendering template within layouts/card_punches
Rendering card_punches/index

ActionView::TemplateError (private method `month_days' called for Time:Class) on line #6 of app/views/card_punches/index.html.erb:
3: <table>
4:   <tr>
5:   </tr>
6: <% [1..Time.month_days(Time.now.year,Time.now.month)].each do |nday| %>
7:   <%=nday%>
8: <% end %>
9: <% @card_punches.each do |card_punch| %>

    app/views/card_punches/index.html.erb:6
    app/controllers/card_punches_controller.rb:7:in `index'
    /home/tsirkin/.rvm/rubies/ruby-1.8.7-p352/lib/ruby/1.8/webrick/httpserver.rb:104:in `service'
    /home/tsirkin/.rvm/rubies/ruby-1.8.7-p352/lib/ruby/1.8/webrick/httpserver.rb:65:in `run'
    /home/tsirkin/.rvm/rubies/ruby-1.8.7-p352/lib/ruby/1.8/webrick/server.rb:173:in `start_thread'
    /home/tsirkin/.rvm/rubies/ruby-1.8.7-p352/lib/ruby/1.8/webrick/server.rb:162:in `start'
    /home/tsirkin/.rvm/rubies/ruby-1.8.7-p352/lib/ruby/1.8/webrick/server.rb:162:in `start_thread'
    /home/tsirkin/.rvm/rubies/ruby-1.8.7-p352/lib/ruby/1.8/webrick/server.rb:95:in `start'
    /home/tsirkin/.rvm/rubies/ruby-1.8.7-p352/lib/ruby/1.8/webrick/server.rb:92:in `each'
    /home/tsirkin/.rvm/rubies/ruby-1.8.7-p352/lib/ruby/1.8/webrick/server.rb:92:in `start'
    /home/tsirkin/.rvm/rubies/ruby-1.8.7-p352/lib/ruby/1.8/webrick/server.rb:23:in `start'
    /home/tsirkin/.rvm/rubies/ruby-1.8.7-p352/lib/ruby/1.8/webrick/server.rb:82:in `start'

Rendered rescues/_trace (44.8ms)
Rendered rescues/_request_and_response (0.2ms)
Rendering rescues/layout (internal_server_error)


Processing CardPunchesController#index (for 127.0.0.1 at 2012-05-18 12:46:12) [GET]
  [4;36;1mCardPunch Load (0.3ms)[0m   [0;1mSELECT * FROM "card_punches" [0m
Rendering template within layouts/card_punches
Rendering card_punches/index
ERROR: compiling _run_erb_app47views47card_punches47index46html46erb RAISED compile error
/home/tsirkin/work/rails_sites/punch_card_app/app/views/card_punches/index.html.erb:6: syntax error, unexpected ']', expecting ')'
...Time.now.year,Time.now.month]].each do |nday| ; @output_buff...
                              ^
Function body:           def _run_erb_app47views47card_punches47index46html46erb(local_assigns)
            old_output_buffer = output_buffer;;@output_buffer = '';  __in_erb_template=true ; @output_buffer.concat "<h1>Listing card_punches</h1>\n\n<table>\n  <tr>\n  </tr>\n"




;  [1..Time.send(:month_days,[Time.now.year,Time.now.month]].each do |nday| ; @output_buffer.concat "\n  "
; @output_buffer.concat((nday).to_s); @output_buffer.concat "\n"
;  end ; @output_buffer.concat "\n"
;  @card_punches.each do |card_punch| ; @output_buffer.concat "\n  <tr>\n    <td>"

; @output_buffer.concat(( link_to 'Show', card_punch ).to_s); @output_buffer.concat "</td>\n    <td>"
; @output_buffer.concat(( link_to 'Edit', edit_card_punch_path(card_punch) ).to_s); @output_buffer.concat "</td>\n    <td>"
; @output_buffer.concat(( link_to 'Destroy', card_punch, :confirm => 'Are you sure?', :method => :delete ).to_s); @output_buffer.concat "</td>\n  </tr>\n"

;  end ; @output_buffer.concat "\n</table>\n\n<br />\n\n"




; @output_buffer.concat(( link_to 'New card_punch', new_card_punch_path ).to_s); @output_buffer
          ensure
            self.output_buffer = old_output_buffer
          end
Backtrace: /home/tsirkin/work/rails_sites/punch_card_app/app/views/card_punches/index.html.erb:23:in `compile!'
/home/tsirkin/.rvm/gems/ruby-1.8.7-p352/gems/actionpack-2.3.14/lib/action_view/renderable.rb:61:in `compile'
/home/tsirkin/.rvm/gems/ruby-1.8.7-p352/gems/actionpack-2.3.14/lib/action_view/renderable.rb:28:in `render'
/home/tsirkin/.rvm/gems/ruby-1.8.7-p352/gems/actionpack-2.3.14/lib/action_view/template.rb:205:in `render_template'
/home/tsirkin/.rvm/gems/ruby-1.8.7-p352/gems/actionpack-2.3.14/lib/action_view/base.rb:265:in `render'
/home/tsirkin/.rvm/gems/ruby-1.8.7-p352/gems/actionpack-2.3.14/lib/action_view/base.rb:348:in `_render_with_layout'
/home/tsirkin/.rvm/gems/ruby-1.8.7-p352/gems/actionpack-2.3.14/lib/action_view/base.rb:262:in `render'
/home/tsirkin/.rvm/gems/ruby-1.8.7-p352/gems/actionpack-2.3.14/lib/action_controller/base.rb:1252:in `render_for_file'
/home/tsirkin/.rvm/gems/ruby-1.8.7-p352/gems/actionpack-2.3.14/lib/action_controller/base.rb:942:in `render_without_benchmark'
/home/tsirkin/.rvm/gems/ruby-1.8.7-p352/gems/actionpack-2.3.14/lib/action_controller/benchmarking.rb:51:in `render'
/home/tsirkin/.rvm/gems/ruby-1.8.7-p352/gems/activesupport-2.3.14/lib/active_support/core_ext/benchmark.rb:17:in `ms'
/home/tsirkin/.rvm/rubies/ruby-1.8.7-p352/lib/ruby/1.8/benchmark.rb:308:in `realtime'
/home/tsirkin/.rvm/gems/ruby-1.8.7-p352/gems/activesupport-2.3.14/lib/active_support/core_ext/benchmark.rb:17:in `ms'
/home/tsirkin/.rvm/gems/ruby-1.8.7-p352/gems/actionpack-2.3.14/lib/action_controller/benchmarking.rb:51:in `render'
/home/tsirkin/.rvm/gems/ruby-1.8.7-p352/gems/actionpack-2.3.14/lib/action_controller/mime_responds.rb:135:in `send'
/home/tsirkin/.rvm/gems/ruby-1.8.7-p352/gems/actionpack-2.3.14/lib/action_controller/mime_responds.rb:135:in `custom'
/home/tsirkin/.rvm/gems/ruby-1.8.7-p352/gems/actionpack-2.3.14/lib/action_controller/mime_responds.rb:179:in `call'
/home/tsirkin/.rvm/gems/ruby-1.8.7-p352/gems/actionpack-2.3.14/lib/action_controller/mime_responds.rb:179:in `respond'
/home/tsirkin/.rvm/gems/ruby-1.8.7-p352/gems/actionpack-2.3.14/lib/action_controller/mime_responds.rb:173:in `each'
/home/tsirkin/.rvm/gems/ruby-1.8.7-p352/gems/actionpack-2.3.14/lib/action_controller/mime_responds.rb:173:in `respond'
/home/tsirkin/.rvm/gems/ruby-1.8.7-p352/gems/actionpack-2.3.14/lib/action_controller/mime_responds.rb:107:in `respond_to'
/home/tsirkin/work/rails_sites/punch_card_app/app/controllers/card_punches_controller.rb:7:in `index'
/home/tsirkin/.rvm/gems/ruby-1.8.7-p352/gems/actionpack-2.3.14/lib/action_controller/base.rb:1333:in `send'
/home/tsirkin/.rvm/gems/ruby-1.8.7-p352/gems/actionpack-2.3.14/lib/action_controller/base.rb:1333:in `perform_action_without_filters'
/home/tsirkin/.rvm/gems/ruby-1.8.7-p352/gems/actionpack-2.3.14/lib/action_controller/filters.rb:617:in `call_filters'
/home/tsirkin/.rvm/gems/ruby-1.8.7-p352/gems/actionpack-2.3.14/lib/action_controller/filters.rb:610:in `perform_action_without_benchmark'
/home/tsirkin/.rvm/gems/ruby-1.8.7-p352/gems/actionpack-2.3.14/lib/action_controller/benchmarking.rb:68:in `perform_action_without_rescue'
/home/tsirkin/.rvm/gems/ruby-1.8.7-p352/gems/activesupport-2.3.14/lib/active_support/core_ext/benchmark.rb:17:in `ms'
/home/tsirkin/.rvm/rubies/ruby-1.8.7-p352/lib/ruby/1.8/benchmark.rb:308:in `realtime'
/home/tsirkin/.rvm/gems/ruby-1.8.7-p352/gems/activesupport-2.3.14/lib/active_support/core_ext/benchmark.rb:17:in `ms'
/home/tsirkin/.rvm/gems/ruby-1.8.7-p352/gems/actionpack-2.3.14/lib/action_controller/benchmarking.rb:68:in `perform_action_without_rescue'
/home/tsirkin/.rvm/gems/ruby-1.8.7-p352/gems/actionpack-2.3.14/lib/action_controller/rescue.rb:160:in `perform_action_without_flash'
/home/tsirkin/.rvm/gems/ruby-1.8.7-p352/gems/actionpack-2.3.14/lib/action_controller/flash.rb:151:in `perform_action'
/home/tsirkin/.rvm/gems/ruby-1.8.7-p352/gems/actionpack-2.3.14/lib/action_controller/base.rb:532:in `send'
/home/tsirkin/.rvm/gems/ruby-1.8.7-p352/gems/actionpack-2.3.14/lib/action_controller/base.rb:532:in `process_without_filters'
/home/tsirkin/.rvm/gems/ruby-1.8.7-p352/gems/actionpack-2.3.14/lib/action_controller/filters.rb:606:in `process'
/home/tsirkin/.rvm/gems/ruby-1.8.7-p352/gems/actionpack-2.3.14/lib/action_controller/base.rb:391:in `process'
/home/tsirkin/.rvm/gems/ruby-1.8.7-p352/gems/actionpack-2.3.14/lib/action_controller/base.rb:386:in `call'
/home/tsirkin/.rvm/gems/ruby-1.8.7-p352/gems/actionpack-2.3.14/lib/action_controller/routing/route_set.rb:438:in `call'
/home/tsirkin/.rvm/gems/ruby-1.8.7-p352/gems/actionpack-2.3.14/lib/action_controller/dispatcher.rb:87:in `dispatch'
/home/tsirkin/.rvm/gems/ruby-1.8.7-p352/gems/actionpack-2.3.14/lib/action_controller/dispatcher.rb:121:in `_call'
/home/tsirkin/.rvm/gems/ruby-1.8.7-p352/gems/actionpack-2.3.14/lib/action_controller/dispatcher.rb:130:in `build_middleware_stack'
/home/tsirkin/.rvm/gems/ruby-1.8.7-p352/gems/activerecord-2.3.14/lib/active_record/query_cache.rb:29:in `call'
/home/tsirkin/.rvm/gems/ruby-1.8.7-p352/gems/activerecord-2.3.14/lib/active_record/query_cache.rb:29:in `call'
/home/tsirkin/.rvm/gems/ruby-1.8.7-p352/gems/activerecord-2.3.14/lib/active_record/connection_adapters/abstract/query_cache.rb:34:in `cache'
/home/tsirkin/.rvm/gems/ruby-1.8.7-p352/gems/activerecord-2.3.14/lib/active_record/query_cache.rb:9:in `cache'
/home/tsirkin/.rvm/gems/ruby-1.8.7-p352/gems/activerecord-2.3.14/lib/active_record/query_cache.rb:28:in `call'
/home/tsirkin/.rvm/gems/ruby-1.8.7-p352/gems/activerecord-2.3.14/lib/active_record/connection_adapters/abstract/connection_pool.rb:361:in `call'
/home/tsirkin/.rvm/gems/ruby-1.8.7-p352/gems/actionpack-2.3.14/lib/action_controller/string_coercion.rb:25:in `call'
/home/tsirkin/.rvm/gems/ruby-1.8.7-p352/gems/rack-1.1.3/lib/rack/head.rb:9:in `call'
/home/tsirkin/.rvm/gems/ruby-1.8.7-p352/gems/rack-1.1.3/lib/rack/methodoverride.rb:24:in `call'
/home/tsirkin/.rvm/gems/ruby-1.8.7-p352/gems/actionpack-2.3.14/lib/action_controller/params_parser.rb:15:in `call'
/home/tsirkin/.rvm/gems/ruby-1.8.7-p352/gems/actionpack-2.3.14/lib/action_controller/session/cookie_store.rb:99:in `call'
/home/tsirkin/.rvm/gems/ruby-1.8.7-p352/gems/actionpack-2.3.14/lib/action_controller/failsafe.rb:26:in `call'
/home/tsirkin/.rvm/gems/ruby-1.8.7-p352/gems/rack-1.1.3/lib/rack/lock.rb:11:in `call'
/home/tsirkin/.rvm/gems/ruby-1.8.7-p352/gems/rack-1.1.3/lib/rack/lock.rb:11:in `synchronize'
/home/tsirkin/.rvm/gems/ruby-1.8.7-p352/gems/rack-1.1.3/lib/rack/lock.rb:11:in `call'
/home/tsirkin/.rvm/gems/ruby-1.8.7-p352/gems/actionpack-2.3.14/lib/action_controller/dispatcher.rb:114:in `call'
/home/tsirkin/.rvm/gems/ruby-1.8.7-p352/gems/actionpack-2.3.14/lib/action_controller/reloader.rb:34:in `run'
/home/tsirkin/.rvm/gems/ruby-1.8.7-p352/gems/actionpack-2.3.14/lib/action_controller/dispatcher.rb:108:in `call'
/home/tsirkin/.rvm/gems/ruby-1.8.7-p352/gems/rails-2.3.14/lib/rails/rack/static.rb:31:in `call'
/home/tsirkin/.rvm/gems/ruby-1.8.7-p352/gems/rack-1.1.3/lib/rack/urlmap.rb:47:in `call'
/home/tsirkin/.rvm/gems/ruby-1.8.7-p352/gems/rack-1.1.3/lib/rack/urlmap.rb:41:in `each'
/home/tsirkin/.rvm/gems/ruby-1.8.7-p352/gems/rack-1.1.3/lib/rack/urlmap.rb:41:in `call'
/home/tsirkin/.rvm/gems/ruby-1.8.7-p352/gems/rails-2.3.14/lib/rails/rack/log_tailer.rb:17:in `call'
/home/tsirkin/.rvm/gems/ruby-1.8.7-p352/gems/rack-1.1.3/lib/rack/content_length.rb:13:in `call'
/home/tsirkin/.rvm/gems/ruby-1.8.7-p352/gems/rack-1.1.3/lib/rack/handler/webrick.rb:48:in `service'
/home/tsirkin/.rvm/rubies/ruby-1.8.7-p352/lib/ruby/1.8/webrick/httpserver.rb:104:in `service'
/home/tsirkin/.rvm/rubies/ruby-1.8.7-p352/lib/ruby/1.8/webrick/httpserver.rb:65:in `run'
/home/tsirkin/.rvm/rubies/ruby-1.8.7-p352/lib/ruby/1.8/webrick/server.rb:173:in `start_thread'
/home/tsirkin/.rvm/rubies/ruby-1.8.7-p352/lib/ruby/1.8/webrick/server.rb:162:in `start'
/home/tsirkin/.rvm/rubies/ruby-1.8.7-p352/lib/ruby/1.8/webrick/server.rb:162:in `start_thread'
/home/tsirkin/.rvm/rubies/ruby-1.8.7-p352/lib/ruby/1.8/webrick/server.rb:95:in `start'
/home/tsirkin/.rvm/rubies/ruby-1.8.7-p352/lib/ruby/1.8/webrick/server.rb:92:in `each'
/home/tsirkin/.rvm/rubies/ruby-1.8.7-p352/lib/ruby/1.8/webrick/server.rb:92:in `start'
/home/tsirkin/.rvm/rubies/ruby-1.8.7-p352/lib/ruby/1.8/webrick/server.rb:23:in `start'
/home/tsirkin/.rvm/rubies/ruby-1.8.7-p352/lib/ruby/1.8/webrick/server.rb:82:in `start'
/home/tsirkin/.rvm/gems/ruby-1.8.7-p352/gems/rack-1.1.3/lib/rack/handler/webrick.rb:14:in `run'
/home/tsirkin/.rvm/gems/ruby-1.8.7-p352/gems/rails-2.3.14/lib/commands/server.rb:111
/home/tsirkin/.rvm/rubies/ruby-1.8.7-p352/lib/ruby/site_ruby/1.8/rubygems/custom_require.rb:31:in `gem_original_require'
/home/tsirkin/.rvm/rubies/ruby-1.8.7-p352/lib/ruby/site_ruby/1.8/rubygems/custom_require.rb:31:in `require'
./script/server:3

ActionView::TemplateError (compile error
/home/tsirkin/work/rails_sites/punch_card_app/app/views/card_punches/index.html.erb:6: syntax error, unexpected ']', expecting ')'
...Time.now.year,Time.now.month]].each do |nday| ; @output_buff...
                              ^) on line #6 of app/views/card_punches/index.html.erb:
3: <table>
4:   <tr>
5:   </tr>
6: <% [1..Time.send(:month_days,[Time.now.year,Time.now.month]].each do |nday| %>
7:   <%=nday%>
8: <% end %>
9: <% @card_punches.each do |card_punch| %>

    app/views/card_punches/index.html.erb:23:in `compile!'
    app/controllers/card_punches_controller.rb:7:in `index'
    /home/tsirkin/.rvm/rubies/ruby-1.8.7-p352/lib/ruby/1.8/webrick/httpserver.rb:104:in `service'
    /home/tsirkin/.rvm/rubies/ruby-1.8.7-p352/lib/ruby/1.8/webrick/httpserver.rb:65:in `run'
    /home/tsirkin/.rvm/rubies/ruby-1.8.7-p352/lib/ruby/1.8/webrick/server.rb:173:in `start_thread'
    /home/tsirkin/.rvm/rubies/ruby-1.8.7-p352/lib/ruby/1.8/webrick/server.rb:162:in `start'
    /home/tsirkin/.rvm/rubies/ruby-1.8.7-p352/lib/ruby/1.8/webrick/server.rb:162:in `start_thread'
    /home/tsirkin/.rvm/rubies/ruby-1.8.7-p352/lib/ruby/1.8/webrick/server.rb:95:in `start'
    /home/tsirkin/.rvm/rubies/ruby-1.8.7-p352/lib/ruby/1.8/webrick/server.rb:92:in `each'
    /home/tsirkin/.rvm/rubies/ruby-1.8.7-p352/lib/ruby/1.8/webrick/server.rb:92:in `start'
    /home/tsirkin/.rvm/rubies/ruby-1.8.7-p352/lib/ruby/1.8/webrick/server.rb:23:in `start'
    /home/tsirkin/.rvm/rubies/ruby-1.8.7-p352/lib/ruby/1.8/webrick/server.rb:82:in `start'

Rendered rescues/_trace (42.9ms)
Rendered rescues/_request_and_response (0.2ms)
Rendering rescues/layout (internal_server_error)


Processing CardPunchesController#index (for 127.0.0.1 at 2012-05-18 14:47:21) [GET]
  [4;35;1mCardPunch Load (0.3ms)[0m   [0mSELECT * FROM "card_punches" [0m
Rendering template within layouts/card_punches
Rendering card_punches/index

ActionView::TemplateError (undefined local variable or method `m' for #<ActionView::Base:0xb6e11638>) on line #6 of app/views/card_punches/index.html.erb:
3: <table>
4:   <tr>
5:   </tr>
6: <% [1..month_days(Time.now)].each do |nday| %>
7:   <%=nday%>
8: <% end %>
9: <% @card_punches.each do |card_punch| %>

    app/helpers/card_punches_helper.rb:7:in `month_days'
    app/views/card_punches/index.html.erb:6
    app/controllers/card_punches_controller.rb:7:in `index'
    /home/tsirkin/.rvm/rubies/ruby-1.8.7-p352/lib/ruby/1.8/webrick/httpserver.rb:104:in `service'
    /home/tsirkin/.rvm/rubies/ruby-1.8.7-p352/lib/ruby/1.8/webrick/httpserver.rb:65:in `run'
    /home/tsirkin/.rvm/rubies/ruby-1.8.7-p352/lib/ruby/1.8/webrick/server.rb:173:in `start_thread'
    /home/tsirkin/.rvm/rubies/ruby-1.8.7-p352/lib/ruby/1.8/webrick/server.rb:162:in `start'
    /home/tsirkin/.rvm/rubies/ruby-1.8.7-p352/lib/ruby/1.8/webrick/server.rb:162:in `start_thread'
    /home/tsirkin/.rvm/rubies/ruby-1.8.7-p352/lib/ruby/1.8/webrick/server.rb:95:in `start'
    /home/tsirkin/.rvm/rubies/ruby-1.8.7-p352/lib/ruby/1.8/webrick/server.rb:92:in `each'
    /home/tsirkin/.rvm/rubies/ruby-1.8.7-p352/lib/ruby/1.8/webrick/server.rb:92:in `start'
    /home/tsirkin/.rvm/rubies/ruby-1.8.7-p352/lib/ruby/1.8/webrick/server.rb:23:in `start'
    /home/tsirkin/.rvm/rubies/ruby-1.8.7-p352/lib/ruby/1.8/webrick/server.rb:82:in `start'

Rendered rescues/_trace (103.2ms)
Rendered rescues/_request_and_response (0.2ms)
Rendering rescues/layout (internal_server_error)


Processing CardPunchesController#index (for 127.0.0.1 at 2012-05-18 14:47:52) [GET]
  [4;36;1mCardPunch Load (0.3ms)[0m   [0;1mSELECT * FROM "card_punches" [0m
Rendering template within layouts/card_punches
Rendering card_punches/index
Completed in 5ms (View: 1, DB: 0) | 200 OK [http://localhost/card_punches]


Processing CardPunchesController#index (for 127.0.0.1 at 2012-05-18 14:48:49) [GET]
  [4;35;1mCardPunch Load (0.3ms)[0m   [0mSELECT * FROM "card_punches" [0m
Rendering template within layouts/card_punches
Rendering card_punches/index
Completed in 8ms (View: 5, DB: 0) | 200 OK [http://localhost/card_punches]


Processing CardPunchesController#index (for 127.0.0.1 at 2012-05-18 14:49:18) [GET]
  [4;36;1mCardPunch Load (0.3ms)[0m   [0;1mSELECT * FROM "card_punches" [0m
Rendering template within layouts/card_punches
Rendering card_punches/index
Completed in 9ms (View: 5, DB: 0) | 200 OK [http://localhost/card_punches]


Processing CardPunchesController#index (for 127.0.0.1 at 2012-05-18 14:49:37) [GET]
  [4;35;1mCardPunch Load (0.3ms)[0m   [0mSELECT * FROM "card_punches" [0m
Rendering template within layouts/card_punches
Rendering card_punches/index
Completed in 8ms (View: 5, DB: 0) | 200 OK [http://localhost/card_punches]


Processing CardPunchesController#index (for 127.0.0.1 at 2012-05-18 14:49:43) [GET]
  [4;36;1mCardPunch Load (0.3ms)[0m   [0;1mSELECT * FROM "card_punches" [0m
Rendering template within layouts/card_punches
Rendering card_punches/index
Completed in 9ms (View: 5, DB: 0) | 200 OK [http://localhost/card_punches]


Processing CardPunchesController#index (for 127.0.0.1 at 2012-05-18 14:49:44) [GET]
  [4;35;1mCardPunch Load (0.3ms)[0m   [0mSELECT * FROM "card_punches" [0m
Rendering template within layouts/card_punches
Rendering card_punches/index
Completed in 5ms (View: 1, DB: 0) | 200 OK [http://localhost/card_punches]


Processing CardPunchesController#index (for 127.0.0.1 at 2012-05-18 14:49:45) [GET]
  [4;36;1mCardPunch Load (0.3ms)[0m   [0;1mSELECT * FROM "card_punches" [0m
Rendering template within layouts/card_punches
Rendering card_punches/index
Completed in 5ms (View: 1, DB: 0) | 200 OK [http://localhost/card_punches]


Processing CardPunchesController#index (for 127.0.0.1 at 2012-05-18 14:49:45) [GET]
  [4;35;1mCardPunch Load (0.3ms)[0m   [0mSELECT * FROM "card_punches" [0m
Rendering template within layouts/card_punches
Rendering card_punches/index
Completed in 6ms (View: 1, DB: 0) | 200 OK [http://localhost/card_punches]


Processing CardPunchesController#index (for 127.0.0.1 at 2012-05-18 14:49:45) [GET]
  [4;36;1mCardPunch Load (0.3ms)[0m   [0;1mSELECT * FROM "card_punches" [0m
Rendering template within layouts/card_punches
Rendering card_punches/index
Completed in 5ms (View: 1, DB: 0) | 200 OK [http://localhost/card_punches]


Processing CardPunchesController#index (for 127.0.0.1 at 2012-05-18 14:49:45) [GET]
  [4;35;1mCardPunch Load (0.3ms)[0m   [0mSELECT * FROM "card_punches" [0m
Rendering template within layouts/card_punches
Rendering card_punches/index
Completed in 5ms (View: 1, DB: 0) | 200 OK [http://localhost/card_punches]


Processing CardPunchesController#index (for 127.0.0.1 at 2012-05-18 14:49:46) [GET]
  [4;36;1mCardPunch Load (0.3ms)[0m   [0;1mSELECT * FROM "card_punches" [0m
Rendering template within layouts/card_punches
Rendering card_punches/index
Completed in 5ms (View: 1, DB: 0) | 200 OK [http://localhost/card_punches]


Processing CardPunchesController#index (for 127.0.0.1 at 2012-05-18 14:49:46) [GET]
  [4;35;1mCardPunch Load (0.3ms)[0m   [0mSELECT * FROM "card_punches" [0m
Rendering template within layouts/card_punches
Rendering card_punches/index
Completed in 5ms (View: 1, DB: 0) | 200 OK [http://localhost/card_punches]


Processing CardPunchesController#index (for 127.0.0.1 at 2012-05-19 21:42:29) [GET]
  [4;36;1mCardPunch Load (0.8ms)[0m   [0;1mSELECT * FROM "card_punches" [0m
Rendering template within layouts/card_punches
Rendering card_punches/index
Completed in 91ms (View: 33, DB: 1) | 200 OK [http://localhost/card_punches]


Processing CardPunchesController#index (for 127.0.0.1 at 2012-05-19 21:44:54) [GET]
  [4;35;1mCardPunch Load (0.3ms)[0m   [0mSELECT * FROM "card_punches" [0m
Rendering template within layouts/card_punches
Rendering card_punches/index
Completed in 11ms (View: 5, DB: 0) | 200 OK [http://localhost/card_punches]


Processing CardPunchesController#index (for 127.0.0.1 at 2012-05-19 22:52:43) [GET]
  [4;36;1mCardPunch Load (0.3ms)[0m   [0;1mSELECT * FROM "card_punches" [0m
Rendering template within layouts/card_punches
Rendering card_punches/index

ActionView::TemplateError (undefined method `month' for nil:NilClass) on line #4 of app/views/card_punches/index.html.erb:
1: <h1>Listing card_punches</h1>
2: 
3: <table>
4:      <%=I18n.t("date.month_names")[@punched_month.month]%>
5: <% (1..month_days(@punched_month)).to_a.each do |nday|
6:      
7:      %>

    app/views/card_punches/index.html.erb:4
    app/controllers/card_punches_controller.rb:10:in `index'
    /home/tsirkin/.rvm/rubies/ruby-1.8.7-p352/lib/ruby/1.8/webrick/httpserver.rb:104:in `service'
    /home/tsirkin/.rvm/rubies/ruby-1.8.7-p352/lib/ruby/1.8/webrick/httpserver.rb:65:in `run'
    /home/tsirkin/.rvm/rubies/ruby-1.8.7-p352/lib/ruby/1.8/webrick/server.rb:173:in `start_thread'
    /home/tsirkin/.rvm/rubies/ruby-1.8.7-p352/lib/ruby/1.8/webrick/server.rb:162:in `start'
    /home/tsirkin/.rvm/rubies/ruby-1.8.7-p352/lib/ruby/1.8/webrick/server.rb:162:in `start_thread'
    /home/tsirkin/.rvm/rubies/ruby-1.8.7-p352/lib/ruby/1.8/webrick/server.rb:95:in `start'
    /home/tsirkin/.rvm/rubies/ruby-1.8.7-p352/lib/ruby/1.8/webrick/server.rb:92:in `each'
    /home/tsirkin/.rvm/rubies/ruby-1.8.7-p352/lib/ruby/1.8/webrick/server.rb:92:in `start'
    /home/tsirkin/.rvm/rubies/ruby-1.8.7-p352/lib/ruby/1.8/webrick/server.rb:23:in `start'
    /home/tsirkin/.rvm/rubies/ruby-1.8.7-p352/lib/ruby/1.8/webrick/server.rb:82:in `start'

Rendered rescues/_trace (100.6ms)
Rendered rescues/_request_and_response (1.1ms)
Rendering rescues/layout (internal_server_error)


Processing CardPunchesController#index (for 127.0.0.1 at 2012-05-19 22:53:04) [GET]

NoMethodError (private method `now' called for Date:Class):
  app/controllers/card_punches_controller.rb:5:in `index'
  /home/tsirkin/.rvm/rubies/ruby-1.8.7-p352/lib/ruby/1.8/webrick/httpserver.rb:104:in `service'
  /home/tsirkin/.rvm/rubies/ruby-1.8.7-p352/lib/ruby/1.8/webrick/httpserver.rb:65:in `run'
  /home/tsirkin/.rvm/rubies/ruby-1.8.7-p352/lib/ruby/1.8/webrick/server.rb:173:in `start_thread'
  /home/tsirkin/.rvm/rubies/ruby-1.8.7-p352/lib/ruby/1.8/webrick/server.rb:162:in `start'
  /home/tsirkin/.rvm/rubies/ruby-1.8.7-p352/lib/ruby/1.8/webrick/server.rb:162:in `start_thread'
  /home/tsirkin/.rvm/rubies/ruby-1.8.7-p352/lib/ruby/1.8/webrick/server.rb:95:in `start'
  /home/tsirkin/.rvm/rubies/ruby-1.8.7-p352/lib/ruby/1.8/webrick/server.rb:92:in `each'
  /home/tsirkin/.rvm/rubies/ruby-1.8.7-p352/lib/ruby/1.8/webrick/server.rb:92:in `start'
  /home/tsirkin/.rvm/rubies/ruby-1.8.7-p352/lib/ruby/1.8/webrick/server.rb:23:in `start'
  /home/tsirkin/.rvm/rubies/ruby-1.8.7-p352/lib/ruby/1.8/webrick/server.rb:82:in `start'

Rendered rescues/_trace (33.0ms)
Rendered rescues/_request_and_response (0.3ms)
Rendering rescues/layout (internal_server_error)


Processing CardPunchesController#index (for 127.0.0.1 at 2012-05-19 22:57:22) [GET]
  [4;35;1mCardPunch Load (0.3ms)[0m   [0mSELECT * FROM "card_punches" [0m
Rendering template within layouts/card_punches
Rendering card_punches/index

ActionView::TemplateError (wrong number of arguments (0 for 1)) on line #10 of app/views/card_punches/index.html.erb:
7:      %>
8:   <tr>
9:        <td>
10:             <%=nday%><%=I18n.t("date.day_names")[]%>
11:        </td>
12:   </tr>
13: <% end %>

    app/views/card_punches/index.html.erb:10:in `[]'
    app/views/card_punches/index.html.erb:10
    app/views/card_punches/index.html.erb:5:in `each'
    app/views/card_punches/index.html.erb:5
    app/controllers/card_punches_controller.rb:10:in `index'
    /home/tsirkin/.rvm/rubies/ruby-1.8.7-p352/lib/ruby/1.8/webrick/httpserver.rb:104:in `service'
    /home/tsirkin/.rvm/rubies/ruby-1.8.7-p352/lib/ruby/1.8/webrick/httpserver.rb:65:in `run'
    /home/tsirkin/.rvm/rubies/ruby-1.8.7-p352/lib/ruby/1.8/webrick/server.rb:173:in `start_thread'
    /home/tsirkin/.rvm/rubies/ruby-1.8.7-p352/lib/ruby/1.8/webrick/server.rb:162:in `start'
    /home/tsirkin/.rvm/rubies/ruby-1.8.7-p352/lib/ruby/1.8/webrick/server.rb:162:in `start_thread'
    /home/tsirkin/.rvm/rubies/ruby-1.8.7-p352/lib/ruby/1.8/webrick/server.rb:95:in `start'
    /home/tsirkin/.rvm/rubies/ruby-1.8.7-p352/lib/ruby/1.8/webrick/server.rb:92:in `each'
    /home/tsirkin/.rvm/rubies/ruby-1.8.7-p352/lib/ruby/1.8/webrick/server.rb:92:in `start'
    /home/tsirkin/.rvm/rubies/ruby-1.8.7-p352/lib/ruby/1.8/webrick/server.rb:23:in `start'
    /home/tsirkin/.rvm/rubies/ruby-1.8.7-p352/lib/ruby/1.8/webrick/server.rb:82:in `start'

Rendered rescues/_trace (44.9ms)
Rendered rescues/_request_and_response (0.2ms)
Rendering rescues/layout (internal_server_error)


Processing CardPunchesController#index (for 127.0.0.1 at 2012-05-19 22:57:47) [GET]
  [4;36;1mCardPunch Load (0.4ms)[0m   [0;1mSELECT * FROM "card_punches" [0m
Rendering template within layouts/card_punches
Rendering card_punches/index

ActionView::TemplateError (can't convert DateTime into Integer) on line #10 of app/views/card_punches/index.html.erb:
7:      %>
8:   <tr>
9:        <td>
10:             <%=nday%><%=I18n.t("date.day_names")[week_day]%>
11:        </td>
12:   </tr>
13: <% end %>

    app/views/card_punches/index.html.erb:10:in `[]'
    app/views/card_punches/index.html.erb:10
    app/views/card_punches/index.html.erb:5:in `each'
    app/views/card_punches/index.html.erb:5
    app/controllers/card_punches_controller.rb:10:in `index'
    /home/tsirkin/.rvm/rubies/ruby-1.8.7-p352/lib/ruby/1.8/webrick/httpserver.rb:104:in `service'
    /home/tsirkin/.rvm/rubies/ruby-1.8.7-p352/lib/ruby/1.8/webrick/httpserver.rb:65:in `run'
    /home/tsirkin/.rvm/rubies/ruby-1.8.7-p352/lib/ruby/1.8/webrick/server.rb:173:in `start_thread'
    /home/tsirkin/.rvm/rubies/ruby-1.8.7-p352/lib/ruby/1.8/webrick/server.rb:162:in `start'
    /home/tsirkin/.rvm/rubies/ruby-1.8.7-p352/lib/ruby/1.8/webrick/server.rb:162:in `start_thread'
    /home/tsirkin/.rvm/rubies/ruby-1.8.7-p352/lib/ruby/1.8/webrick/server.rb:95:in `start'
    /home/tsirkin/.rvm/rubies/ruby-1.8.7-p352/lib/ruby/1.8/webrick/server.rb:92:in `each'
    /home/tsirkin/.rvm/rubies/ruby-1.8.7-p352/lib/ruby/1.8/webrick/server.rb:92:in `start'
    /home/tsirkin/.rvm/rubies/ruby-1.8.7-p352/lib/ruby/1.8/webrick/server.rb:23:in `start'
    /home/tsirkin/.rvm/rubies/ruby-1.8.7-p352/lib/ruby/1.8/webrick/server.rb:82:in `start'

Rendered rescues/_trace (45.0ms)
Rendered rescues/_request_and_response (0.3ms)
Rendering rescues/layout (internal_server_error)


Processing CardPunchesController#index (for 127.0.0.1 at 2012-05-19 22:58:03) [GET]
  [4;35;1mCardPunch Load (0.3ms)[0m   [0mSELECT * FROM "card_punches" [0m
Rendering template within layouts/card_punches
Rendering card_punches/index
Completed in 12ms (View: 6, DB: 0) | 200 OK [http://localhost/card_punches]


Processing CardPunchesController#index (for 127.0.0.1 at 2012-05-19 22:59:35) [GET]
  [4;36;1mCardPunch Load (0.3ms)[0m   [0;1mSELECT * FROM "card_punches" [0m
Rendering template within layouts/card_punches
Rendering card_punches/index
Completed in 8ms (View: 2, DB: 0) | 200 OK [http://localhost/card_punches]


Processing CardPunchesController#index (for 127.0.0.1 at 2012-05-19 23:00:01) [GET]
  [4;35;1mCardPunch Load (0.3ms)[0m   [0mSELECT * FROM "card_punches" [0m
Rendering template within layouts/card_punches
Rendering card_punches/index
Completed in 64ms (View: 59, DB: 0) | 200 OK [http://localhost/card_punches]


Processing CardPunchesController#index (for 127.0.0.1 at 2012-05-19 23:00:35) [GET]
  [4;36;1mCardPunch Load (0.3ms)[0m   [0;1mSELECT * FROM "card_punches" [0m
Rendering template within layouts/card_punches
Rendering card_punches/index
Completed in 12ms (View: 6, DB: 0) | 200 OK [http://localhost/card_punches]


Processing CardPunchesController#index (for 127.0.0.1 at 2012-05-19 23:00:45) [GET]
  [4;35;1mCardPunch Load (0.3ms)[0m   [0mSELECT * FROM "card_punches" [0m
Rendering template within layouts/card_punches
Rendering card_punches/index
Completed in 11ms (View: 5, DB: 0) | 200 OK [http://localhost/card_punches]


Processing CardPunchesController#index (for 127.0.0.1 at 2012-05-19 23:00:57) [GET]
  [4;36;1mCardPunch Load (0.3ms)[0m   [0;1mSELECT * FROM "card_punches" [0m
Rendering template within layouts/card_punches
Rendering card_punches/index
Completed in 11ms (View: 6, DB: 0) | 200 OK [http://localhost/card_punches]


Processing CardPunchesController#index (for 127.0.0.1 at 2012-05-19 23:02:49) [GET]
  [4;35;1mCardPunch Load (0.4ms)[0m   [0mSELECT * FROM "card_punches" [0m
Rendering template within layouts/card_punches
Rendering card_punches/index
Completed in 11ms (View: 6, DB: 0) | 200 OK [http://localhost/card_punches]


Processing CardPunchesController#index (for 127.0.0.1 at 2012-05-19 23:03:24) [GET]
  [4;36;1mCardPunch Load (0.3ms)[0m   [0;1mSELECT * FROM "card_punches" [0m
Rendering template within layouts/card_punches
Rendering card_punches/index
Completed in 11ms (View: 5, DB: 0) | 200 OK [http://localhost/card_punches]
